
*** Running vivado
    with args -log TopDesign.vds -m64 -mode batch -messageDb vivado.pb -notrace -source TopDesign.tcl

WARNING: Default location for XILINX_VIVADO_HLS not found: 

****** Vivado v2015.2 (64-bit)
  **** SW Build 1266856 on Fri Jun 26 16:35:25 MDT 2015
  **** IP Build 1264090 on Wed Jun 24 14:22:01 MDT 2015
    ** Copyright 1986-2015 Xilinx, Inc. All Rights Reserved.

source TopDesign.tcl -notrace
Command: synth_design -top TopDesign -part xc7a35tcpg236-1
Starting synth_design
Attempting to get a license for feature 'Synthesis' and/or device 'xc7a35t'
INFO: [Common 17-349] Got license for feature 'Synthesis' and/or device 'xc7a35t'
INFO: [Common 17-86] Your Synthesis license expires in 14 day(s)
---------------------------------------------------------------------------------
Starting RTL Elaboration : Time (s): cpu = 00:00:05 ; elapsed = 00:00:07 . Memory (MB): peak = 246.355 ; gain = 70.840
---------------------------------------------------------------------------------
WARNING: [Synth 8-1565] actual for formal port reset is neither a static name nor a globally static expression [C:/Users/LENOVO PC/TermProjectVersion2/TermProjectVersion2.srcs/sources_1/new/Distance_Calculation.vhd:32]
ERROR: [Synth 8-2578] process cannot have both a wait statement and a sensitivity list [C:/Users/LENOVO PC/TermProjectVersion2/TermProjectVersion2.srcs/sources_1/new/TopDesign.vhd:121]
INFO: [Synth 8-2810] unit behavioral ignored due to previous errors [C:/Users/LENOVO PC/TermProjectVersion2/TermProjectVersion2.srcs/sources_1/new/TopDesign.vhd:26]
---------------------------------------------------------------------------------
Finished RTL Elaboration : Time (s): cpu = 00:00:06 ; elapsed = 00:00:08 . Memory (MB): peak = 279.633 ; gain = 104.117
---------------------------------------------------------------------------------
RTL Elaboration failed
INFO: [Common 17-83] Releasing license: Synthesis
4 Infos, 1 Warnings, 0 Critical Warnings and 2 Errors encountered.
synth_design failed
ERROR: [Common 17-69] Command failed: Synthesis failed - please see the console or run log file for details
INFO: [Common 17-206] Exiting Vivado at Thu Apr 20 21:25:10 2017...
